TN:
SF:/home/ask4custom/Documents/Cours/tp-jest-CICD/src/interval.js
FN:2,(anonymous_0)
FN:7,(anonymous_1)
FN:25,(anonymous_2)
FN:45,(anonymous_3)
FN:68,(anonymous_4)
FN:94,(anonymous_5)
FN:130,(anonymous_6)
FNF:7
FNH:6
FNDA:127,(anonymous_0)
FNDA:0,(anonymous_1)
FNDA:37,(anonymous_2)
FNDA:78,(anonymous_3)
FNDA:11,(anonymous_4)
FNDA:22,(anonymous_5)
FNDA:11,(anonymous_6)
DA:3,127
DA:4,127
DA:8,0
DA:26,37
DA:46,78
DA:47,72
DA:49,58
DA:69,11
DA:70,7
DA:71,5
DA:72,5
DA:73,1
DA:74,4
DA:95,22
DA:96,5
DA:97,17
DA:98,3
DA:99,14
DA:100,6
DA:101,4
DA:102,2
DA:103,2
DA:105,8
DA:106,8
DA:107,2
DA:108,6
DA:109,2
DA:110,4
DA:131,11
DA:132,11
DA:133,11
DA:134,2
DA:135,9
DA:136,2
DA:137,7
DA:138,2
DA:139,1
DA:141,1
DA:142,5
DA:146,1
LF:40
LH:39
BRDA:26,0,0,37
BRDA:26,0,1,22
BRDA:46,1,0,6
BRDA:46,1,1,72
BRDA:46,2,0,78
BRDA:46,2,1,6
BRDA:47,3,0,14
BRDA:47,3,1,58
BRDA:47,4,0,72
BRDA:47,4,1,39
BRDA:69,5,0,4
BRDA:69,5,1,7
BRDA:70,6,0,2
BRDA:70,6,1,5
BRDA:71,7,0,5
BRDA:71,7,1,0
BRDA:72,8,0,1
BRDA:72,8,1,4
BRDA:74,9,0,1
BRDA:74,9,1,3
BRDA:95,10,0,5
BRDA:95,10,1,17
BRDA:97,11,0,3
BRDA:97,11,1,14
BRDA:99,12,0,6
BRDA:99,12,1,8
BRDA:100,13,0,4
BRDA:100,13,1,2
BRDA:102,14,0,2
BRDA:102,14,1,0
BRDA:105,15,0,8
BRDA:105,15,1,0
BRDA:106,16,0,2
BRDA:106,16,1,6
BRDA:108,17,0,2
BRDA:108,17,1,4
BRDA:131,18,0,5
BRDA:131,18,1,6
BRDA:132,19,0,7
BRDA:132,19,1,4
BRDA:133,20,0,2
BRDA:133,20,1,9
BRDA:133,21,0,11
BRDA:133,21,1,2
BRDA:135,22,0,2
BRDA:135,22,1,7
BRDA:137,23,0,2
BRDA:137,23,1,5
BRDA:137,24,0,7
BRDA:137,24,1,6
BRDA:138,25,0,1
BRDA:138,25,1,1
BRF:52
BRH:49
end_of_record
TN:
SF:/home/ask4custom/Documents/Cours/tp-jest-CICD/src/math.js
FN:2,(anonymous_0)
FN:26,(anonymous_1)
FN:49,(anonymous_2)
FN:65,(anonymous_3)
FN:78,(anonymous_4)
FNF:5
FNH:2
FNDA:11,(anonymous_0)
FNDA:9,(anonymous_1)
FNDA:0,(anonymous_2)
FNDA:0,(anonymous_3)
FNDA:0,(anonymous_4)
DA:1,1
DA:2,1
DA:3,11
DA:4,3
DA:7,8
DA:8,1
DA:11,7
DA:12,1
DA:15,6
DA:26,1
DA:27,9
DA:28,2
DA:30,7
DA:31,1
DA:33,6
DA:34,74
DA:35,4
DA:49,1
DA:65,1
DA:78,1
DA:83,1
LF:21
LH:21
BRDA:3,0,0,3
BRDA:3,0,1,8
BRDA:7,1,0,1
BRDA:7,1,1,7
BRDA:11,2,0,1
BRDA:11,2,1,6
BRDA:27,3,0,2
BRDA:27,3,1,7
BRDA:27,4,0,9
BRDA:27,4,1,8
BRDA:30,5,0,1
BRDA:30,5,1,6
BRDA:34,6,0,2
BRDA:34,6,1,72
BRF:14
BRH:14
end_of_record
