{"/home/ask4custom/Documents/Cours/tp-jest-CICD/src/interval.js": {"path":"/home/ask4custom/Documents/Cours/tp-jest-CICD/src/interval.js","statementMap":{"0":{"start":{"line":3,"column":8},"end":{"line":3,"column":27}},"1":{"start":{"line":4,"column":8},"end":{"line":4,"column":22}},"2":{"start":{"line":8,"column":8},"end":{"line":8,"column":55}},"3":{"start":{"line":26,"column":8},"end":{"line":26,"column":70}},"4":{"start":{"line":46,"column":8},"end":{"line":46,"column":86}},"5":{"start":{"line":46,"column":73},"end":{"line":46,"column":84}},"6":{"start":{"line":47,"column":8},"end":{"line":47,"column":85}},"7":{"start":{"line":47,"column":72},"end":{"line":47,"column":83}},"8":{"start":{"line":49,"column":8},"end":{"line":49,"column":20}},"9":{"start":{"line":69,"column":8},"end":{"line":69,"column":52}},"10":{"start":{"line":69,"column":39},"end":{"line":69,"column":50}},"11":{"start":{"line":70,"column":8},"end":{"line":70,"column":56}},"12":{"start":{"line":70,"column":39},"end":{"line":70,"column":54}},"13":{"start":{"line":71,"column":8},"end":{"line":75,"column":9}},"14":{"start":{"line":72,"column":12},"end":{"line":74,"column":146}},"15":{"start":{"line":73,"column":16},"end":{"line":73,"column":61}},"16":{"start":{"line":74,"column":19},"end":{"line":74,"column":146}},"17":{"start":{"line":74,"column":54},"end":{"line":74,"column":99}},"18":{"start":{"line":74,"column":109},"end":{"line":74,"column":144}},"19":{"start":{"line":95,"column":8},"end":{"line":111,"column":9}},"20":{"start":{"line":96,"column":12},"end":{"line":96,"column":27}},"21":{"start":{"line":97,"column":15},"end":{"line":111,"column":9}},"22":{"start":{"line":98,"column":12},"end":{"line":98,"column":23}},"23":{"start":{"line":99,"column":15},"end":{"line":111,"column":9}},"24":{"start":{"line":100,"column":12},"end":{"line":104,"column":13}},"25":{"start":{"line":101,"column":16},"end":{"line":101,"column":61}},"26":{"start":{"line":102,"column":19},"end":{"line":104,"column":13}},"27":{"start":{"line":103,"column":16},"end":{"line":103,"column":61}},"28":{"start":{"line":105,"column":15},"end":{"line":111,"column":9}},"29":{"start":{"line":106,"column":12},"end":{"line":110,"column":28}},"30":{"start":{"line":107,"column":16},"end":{"line":107,"column":61}},"31":{"start":{"line":108,"column":19},"end":{"line":110,"column":28}},"32":{"start":{"line":109,"column":16},"end":{"line":109,"column":61}},"33":{"start":{"line":110,"column":19},"end":{"line":110,"column":28}},"34":{"start":{"line":131,"column":19},"end":{"line":131,"column":64}},"35":{"start":{"line":132,"column":19},"end":{"line":132,"column":48}},"36":{"start":{"line":133,"column":8},"end":{"line":142,"column":100}},"37":{"start":{"line":134,"column":12},"end":{"line":134,"column":21}},"38":{"start":{"line":135,"column":13},"end":{"line":142,"column":100}},"39":{"start":{"line":136,"column":12},"end":{"line":136,"column":47}},"40":{"start":{"line":137,"column":13},"end":{"line":142,"column":100}},"41":{"start":{"line":138,"column":12},"end":{"line":141,"column":115}},"42":{"start":{"line":139,"column":16},"end":{"line":139,"column":115}},"43":{"start":{"line":141,"column":16},"end":{"line":141,"column":115}},"44":{"start":{"line":142,"column":13},"end":{"line":142,"column":100}},"45":{"start":{"line":146,"column":0},"end":{"line":146,"column":26}}},"fnMap":{"0":{"name":"(anonymous_0)","decl":{"start":{"line":2,"column":4},"end":{"line":2,"column":5}},"loc":{"start":{"line":2,"column":28},"end":{"line":5,"column":5}},"line":2},"1":{"name":"(anonymous_1)","decl":{"start":{"line":7,"column":4},"end":{"line":7,"column":5}},"loc":{"start":{"line":7,"column":15},"end":{"line":9,"column":5}},"line":7},"2":{"name":"(anonymous_2)","decl":{"start":{"line":25,"column":4},"end":{"line":25,"column":5}},"loc":{"start":{"line":25,"column":23},"end":{"line":27,"column":5}},"line":25},"3":{"name":"(anonymous_3)","decl":{"start":{"line":45,"column":4},"end":{"line":45,"column":5}},"loc":{"start":{"line":45,"column":23},"end":{"line":50,"column":5}},"line":45},"4":{"name":"(anonymous_4)","decl":{"start":{"line":68,"column":4},"end":{"line":68,"column":5}},"loc":{"start":{"line":68,"column":20},"end":{"line":76,"column":5}},"line":68},"5":{"name":"(anonymous_5)","decl":{"start":{"line":94,"column":4},"end":{"line":94,"column":5}},"loc":{"start":{"line":94,"column":27},"end":{"line":112,"column":5}},"line":94},"6":{"name":"(anonymous_6)","decl":{"start":{"line":130,"column":4},"end":{"line":130,"column":5}},"loc":{"start":{"line":130,"column":24},"end":{"line":143,"column":5}},"line":130}},"branchMap":{"0":{"loc":{"start":{"line":26,"column":15},"end":{"line":26,"column":69}},"type":"binary-expr","locations":[{"start":{"line":26,"column":15},"end":{"line":26,"column":40}},{"start":{"line":26,"column":44},"end":{"line":26,"column":69}}],"line":26},"1":{"loc":{"start":{"line":46,"column":8},"end":{"line":46,"column":86}},"type":"if","locations":[{"start":{"line":46,"column":8},"end":{"line":46,"column":86}},{"start":{"line":46,"column":8},"end":{"line":46,"column":86}}],"line":46},"2":{"loc":{"start":{"line":46,"column":12},"end":{"line":46,"column":69}},"type":"binary-expr","locations":[{"start":{"line":46,"column":12},"end":{"line":46,"column":37}},{"start":{"line":46,"column":41},"end":{"line":46,"column":69}}],"line":46},"3":{"loc":{"start":{"line":47,"column":8},"end":{"line":47,"column":85}},"type":"if","locations":[{"start":{"line":47,"column":8},"end":{"line":47,"column":85}},{"start":{"line":47,"column":8},"end":{"line":47,"column":85}}],"line":47},"4":{"loc":{"start":{"line":47,"column":12},"end":{"line":47,"column":68}},"type":"binary-expr","locations":[{"start":{"line":47,"column":12},"end":{"line":47,"column":36}},{"start":{"line":47,"column":40},"end":{"line":47,"column":68}}],"line":47},"5":{"loc":{"start":{"line":69,"column":8},"end":{"line":69,"column":52}},"type":"if","locations":[{"start":{"line":69,"column":8},"end":{"line":69,"column":52}},{"start":{"line":69,"column":8},"end":{"line":69,"column":52}}],"line":69},"6":{"loc":{"start":{"line":70,"column":8},"end":{"line":70,"column":56}},"type":"if","locations":[{"start":{"line":70,"column":8},"end":{"line":70,"column":56}},{"start":{"line":70,"column":8},"end":{"line":70,"column":56}}],"line":70},"7":{"loc":{"start":{"line":71,"column":8},"end":{"line":75,"column":9}},"type":"if","locations":[{"start":{"line":71,"column":8},"end":{"line":75,"column":9}},{"start":{"line":71,"column":8},"end":{"line":75,"column":9}}],"line":71},"8":{"loc":{"start":{"line":72,"column":12},"end":{"line":74,"column":146}},"type":"if","locations":[{"start":{"line":72,"column":12},"end":{"line":74,"column":146}},{"start":{"line":72,"column":12},"end":{"line":74,"column":146}}],"line":72},"9":{"loc":{"start":{"line":74,"column":19},"end":{"line":74,"column":146}},"type":"if","locations":[{"start":{"line":74,"column":19},"end":{"line":74,"column":146}},{"start":{"line":74,"column":19},"end":{"line":74,"column":146}}],"line":74},"10":{"loc":{"start":{"line":95,"column":8},"end":{"line":111,"column":9}},"type":"if","locations":[{"start":{"line":95,"column":8},"end":{"line":111,"column":9}},{"start":{"line":95,"column":8},"end":{"line":111,"column":9}}],"line":95},"11":{"loc":{"start":{"line":97,"column":15},"end":{"line":111,"column":9}},"type":"if","locations":[{"start":{"line":97,"column":15},"end":{"line":111,"column":9}},{"start":{"line":97,"column":15},"end":{"line":111,"column":9}}],"line":97},"12":{"loc":{"start":{"line":99,"column":15},"end":{"line":111,"column":9}},"type":"if","locations":[{"start":{"line":99,"column":15},"end":{"line":111,"column":9}},{"start":{"line":99,"column":15},"end":{"line":111,"column":9}}],"line":99},"13":{"loc":{"start":{"line":100,"column":12},"end":{"line":104,"column":13}},"type":"if","locations":[{"start":{"line":100,"column":12},"end":{"line":104,"column":13}},{"start":{"line":100,"column":12},"end":{"line":104,"column":13}}],"line":100},"14":{"loc":{"start":{"line":102,"column":19},"end":{"line":104,"column":13}},"type":"if","locations":[{"start":{"line":102,"column":19},"end":{"line":104,"column":13}},{"start":{"line":102,"column":19},"end":{"line":104,"column":13}}],"line":102},"15":{"loc":{"start":{"line":105,"column":15},"end":{"line":111,"column":9}},"type":"if","locations":[{"start":{"line":105,"column":15},"end":{"line":111,"column":9}},{"start":{"line":105,"column":15},"end":{"line":111,"column":9}}],"line":105},"16":{"loc":{"start":{"line":106,"column":12},"end":{"line":110,"column":28}},"type":"if","locations":[{"start":{"line":106,"column":12},"end":{"line":110,"column":28}},{"start":{"line":106,"column":12},"end":{"line":110,"column":28}}],"line":106},"17":{"loc":{"start":{"line":108,"column":19},"end":{"line":110,"column":28}},"type":"if","locations":[{"start":{"line":108,"column":19},"end":{"line":110,"column":28}},{"start":{"line":108,"column":19},"end":{"line":110,"column":28}}],"line":108},"18":{"loc":{"start":{"line":131,"column":19},"end":{"line":131,"column":64}},"type":"cond-expr","locations":[{"start":{"line":131,"column":49},"end":{"line":131,"column":53}},{"start":{"line":131,"column":56},"end":{"line":131,"column":64}}],"line":131},"19":{"loc":{"start":{"line":132,"column":19},"end":{"line":132,"column":48}},"type":"cond-expr","locations":[{"start":{"line":132,"column":33},"end":{"line":132,"column":41}},{"start":{"line":132,"column":44},"end":{"line":132,"column":48}}],"line":132},"20":{"loc":{"start":{"line":133,"column":8},"end":{"line":142,"column":100}},"type":"if","locations":[{"start":{"line":133,"column":8},"end":{"line":142,"column":100}},{"start":{"line":133,"column":8},"end":{"line":142,"column":100}}],"line":133},"21":{"loc":{"start":{"line":133,"column":12},"end":{"line":133,"column":70}},"type":"binary-expr","locations":[{"start":{"line":133,"column":12},"end":{"line":133,"column":41}},{"start":{"line":133,"column":45},"end":{"line":133,"column":70}}],"line":133},"22":{"loc":{"start":{"line":135,"column":13},"end":{"line":142,"column":100}},"type":"if","locations":[{"start":{"line":135,"column":13},"end":{"line":142,"column":100}},{"start":{"line":135,"column":13},"end":{"line":142,"column":100}}],"line":135},"23":{"loc":{"start":{"line":137,"column":13},"end":{"line":142,"column":100}},"type":"if","locations":[{"start":{"line":137,"column":13},"end":{"line":142,"column":100}},{"start":{"line":137,"column":13},"end":{"line":142,"column":100}}],"line":137},"24":{"loc":{"start":{"line":137,"column":17},"end":{"line":137,"column":67}},"type":"binary-expr","locations":[{"start":{"line":137,"column":17},"end":{"line":137,"column":40}},{"start":{"line":137,"column":44},"end":{"line":137,"column":67}}],"line":137},"25":{"loc":{"start":{"line":138,"column":12},"end":{"line":141,"column":115}},"type":"if","locations":[{"start":{"line":138,"column":12},"end":{"line":141,"column":115}},{"start":{"line":138,"column":12},"end":{"line":141,"column":115}}],"line":138}},"s":{"0":127,"1":127,"2":0,"3":37,"4":78,"5":6,"6":72,"7":14,"8":58,"9":11,"10":4,"11":7,"12":2,"13":5,"14":5,"15":1,"16":4,"17":1,"18":3,"19":22,"20":5,"21":17,"22":3,"23":14,"24":6,"25":4,"26":2,"27":2,"28":8,"29":8,"30":2,"31":6,"32":2,"33":4,"34":11,"35":11,"36":11,"37":2,"38":9,"39":2,"40":7,"41":2,"42":1,"43":1,"44":5,"45":1},"f":{"0":127,"1":0,"2":37,"3":78,"4":11,"5":22,"6":11},"b":{"0":[37,22],"1":[6,72],"2":[78,6],"3":[14,58],"4":[72,39],"5":[4,7],"6":[2,5],"7":[5,0],"8":[1,4],"9":[1,3],"10":[5,17],"11":[3,14],"12":[6,8],"13":[4,2],"14":[2,0],"15":[8,0],"16":[2,6],"17":[2,4],"18":[5,6],"19":[7,4],"20":[2,9],"21":[11,2],"22":[2,7],"23":[2,5],"24":[7,6],"25":[1,1]},"_coverageSchema":"43e27e138ebf9cfc5966b082cf9a028302ed4184","hash":"c9637c05fd8382024b33240c047e9674d6578dc6"}
,"/home/ask4custom/Documents/Cours/tp-jest-CICD/src/math.js": {"path":"/home/ask4custom/Documents/Cours/tp-jest-CICD/src/math.js","statementMap":{"0":{"start":{"line":1,"column":11},"end":{"line":1,"column":13}},"1":{"start":{"line":2,"column":0},"end":{"line":16,"column":2}},"2":{"start":{"line":3,"column":4},"end":{"line":5,"column":5}},"3":{"start":{"line":4,"column":8},"end":{"line":4,"column":17}},"4":{"start":{"line":7,"column":4},"end":{"line":9,"column":5}},"5":{"start":{"line":8,"column":8},"end":{"line":8,"column":27}},"6":{"start":{"line":11,"column":4},"end":{"line":13,"column":5}},"7":{"start":{"line":12,"column":8},"end":{"line":12,"column":29}},"8":{"start":{"line":15,"column":4},"end":{"line":15,"column":37}},"9":{"start":{"line":26,"column":0},"end":{"line":37,"column":2}},"10":{"start":{"line":27,"column":4},"end":{"line":29,"column":5}},"11":{"start":{"line":28,"column":8},"end":{"line":28,"column":21}},"12":{"start":{"line":30,"column":4},"end":{"line":32,"column":5}},"13":{"start":{"line":31,"column":8},"end":{"line":31,"column":49}},"14":{"start":{"line":33,"column":4},"end":{"line":34,"column":38}},"15":{"start":{"line":33,"column":17},"end":{"line":33,"column":18}},"16":{"start":{"line":34,"column":8},"end":{"line":34,"column":38}},"17":{"start":{"line":34,"column":25},"end":{"line":34,"column":38}},"18":{"start":{"line":35,"column":4},"end":{"line":35,"column":16}},"19":{"start":{"line":49,"column":0},"end":{"line":51,"column":2}},"20":{"start":{"line":65,"column":0},"end":{"line":67,"column":2}},"21":{"start":{"line":78,"column":0},"end":{"line":80,"column":2}},"22":{"start":{"line":83,"column":0},"end":{"line":83,"column":22}}},"fnMap":{"0":{"name":"(anonymous_0)","decl":{"start":{"line":2,"column":17},"end":{"line":2,"column":18}},"loc":{"start":{"line":2,"column":24},"end":{"line":16,"column":1}},"line":2},"1":{"name":"(anonymous_1)","decl":{"start":{"line":26,"column":15},"end":{"line":26,"column":16}},"loc":{"start":{"line":26,"column":28},"end":{"line":37,"column":1}},"line":26},"2":{"name":"(anonymous_2)","decl":{"start":{"line":49,"column":16},"end":{"line":49,"column":17}},"loc":{"start":{"line":49,"column":28},"end":{"line":51,"column":1}},"line":49},"3":{"name":"(anonymous_3)","decl":{"start":{"line":65,"column":16},"end":{"line":65,"column":17}},"loc":{"start":{"line":65,"column":28},"end":{"line":67,"column":1}},"line":65},"4":{"name":"(anonymous_4)","decl":{"start":{"line":78,"column":14},"end":{"line":78,"column":15}},"loc":{"start":{"line":78,"column":32},"end":{"line":80,"column":1}},"line":78}},"branchMap":{"0":{"loc":{"start":{"line":3,"column":4},"end":{"line":5,"column":5}},"type":"if","locations":[{"start":{"line":3,"column":4},"end":{"line":5,"column":5}},{"start":{"line":3,"column":4},"end":{"line":5,"column":5}}],"line":3},"1":{"loc":{"start":{"line":7,"column":4},"end":{"line":9,"column":5}},"type":"if","locations":[{"start":{"line":7,"column":4},"end":{"line":9,"column":5}},{"start":{"line":7,"column":4},"end":{"line":9,"column":5}}],"line":7},"2":{"loc":{"start":{"line":11,"column":4},"end":{"line":13,"column":5}},"type":"if","locations":[{"start":{"line":11,"column":4},"end":{"line":13,"column":5}},{"start":{"line":11,"column":4},"end":{"line":13,"column":5}}],"line":11},"3":{"loc":{"start":{"line":27,"column":4},"end":{"line":29,"column":5}},"type":"if","locations":[{"start":{"line":27,"column":4},"end":{"line":29,"column":5}},{"start":{"line":27,"column":4},"end":{"line":29,"column":5}}],"line":27},"4":{"loc":{"start":{"line":27,"column":8},"end":{"line":27,"column":26}},"type":"binary-expr","locations":[{"start":{"line":27,"column":8},"end":{"line":27,"column":15}},{"start":{"line":27,"column":19},"end":{"line":27,"column":26}}],"line":27},"5":{"loc":{"start":{"line":30,"column":4},"end":{"line":32,"column":5}},"type":"if","locations":[{"start":{"line":30,"column":4},"end":{"line":32,"column":5}},{"start":{"line":30,"column":4},"end":{"line":32,"column":5}}],"line":30},"6":{"loc":{"start":{"line":34,"column":8},"end":{"line":34,"column":38}},"type":"if","locations":[{"start":{"line":34,"column":8},"end":{"line":34,"column":38}},{"start":{"line":34,"column":8},"end":{"line":34,"column":38}}],"line":34}},"s":{"0":1,"1":1,"2":11,"3":3,"4":8,"5":1,"6":7,"7":1,"8":6,"9":1,"10":9,"11":2,"12":7,"13":1,"14":6,"15":6,"16":74,"17":2,"18":4,"19":1,"20":1,"21":1,"22":1},"f":{"0":11,"1":9,"2":0,"3":0,"4":0},"b":{"0":[3,8],"1":[1,7],"2":[1,6],"3":[2,7],"4":[9,8],"5":[1,6],"6":[2,72]},"_coverageSchema":"43e27e138ebf9cfc5966b082cf9a028302ed4184","hash":"8895fdba626ef18cdc1b12e076320a27d2e7bf60"}
}
