<?xml version="1.0" encoding="UTF-8"?>
<coverage generated="1554193315095" clover="3.2.0">
  <project timestamp="1554193315095" name="All files">
    <metrics statements="61" coveredstatements="60" conditionals="66" coveredconditionals="63" methods="12" coveredmethods="8" elements="139" coveredelements="131" complexity="0" loc="61" ncloc="61" packages="1" files="2" classes="2"/>
    <file name="interval.js" path="/home/ask4custom/Documents/Cours/tp-jest-CICD/src/interval.js">
      <metrics statements="40" coveredstatements="39" conditionals="52" coveredconditionals="49" methods="7" coveredmethods="6"/>
      <line num="3" count="127" type="stmt"/>
      <line num="4" count="127" type="stmt"/>
      <line num="8" count="0" type="stmt"/>
      <line num="26" count="37" type="cond" truecount="2" falsecount="0"/>
      <line num="46" count="78" type="cond" truecount="4" falsecount="0"/>
      <line num="47" count="72" type="cond" truecount="4" falsecount="0"/>
      <line num="49" count="58" type="stmt"/>
      <line num="69" count="11" type="cond" truecount="2" falsecount="0"/>
      <line num="70" count="7" type="cond" truecount="2" falsecount="0"/>
      <line num="71" count="5" type="cond" truecount="1" falsecount="1"/>
      <line num="72" count="5" type="cond" truecount="2" falsecount="0"/>
      <line num="73" count="1" type="stmt"/>
      <line num="74" count="4" type="cond" truecount="2" falsecount="0"/>
      <line num="95" count="22" type="cond" truecount="2" falsecount="0"/>
      <line num="96" count="5" type="stmt"/>
      <line num="97" count="17" type="cond" truecount="2" falsecount="0"/>
      <line num="98" count="3" type="stmt"/>
      <line num="99" count="14" type="cond" truecount="2" falsecount="0"/>
      <line num="100" count="6" type="cond" truecount="2" falsecount="0"/>
      <line num="101" count="4" type="stmt"/>
      <line num="102" count="2" type="cond" truecount="1" falsecount="1"/>
      <line num="103" count="2" type="stmt"/>
      <line num="105" count="8" type="cond" truecount="1" falsecount="1"/>
      <line num="106" count="8" type="cond" truecount="2" falsecount="0"/>
      <line num="107" count="2" type="stmt"/>
      <line num="108" count="6" type="cond" truecount="2" falsecount="0"/>
      <line num="109" count="2" type="stmt"/>
      <line num="110" count="4" type="stmt"/>
      <line num="131" count="11" type="cond" truecount="2" falsecount="0"/>
      <line num="132" count="11" type="cond" truecount="2" falsecount="0"/>
      <line num="133" count="11" type="cond" truecount="4" falsecount="0"/>
      <line num="134" count="2" type="stmt"/>
      <line num="135" count="9" type="cond" truecount="2" falsecount="0"/>
      <line num="136" count="2" type="stmt"/>
      <line num="137" count="7" type="cond" truecount="4" falsecount="0"/>
      <line num="138" count="2" type="cond" truecount="2" falsecount="0"/>
      <line num="139" count="1" type="stmt"/>
      <line num="141" count="1" type="stmt"/>
      <line num="142" count="5" type="stmt"/>
      <line num="146" count="1" type="stmt"/>
    </file>
    <file name="math.js" path="/home/ask4custom/Documents/Cours/tp-jest-CICD/src/math.js">
      <metrics statements="21" coveredstatements="21" conditionals="14" coveredconditionals="14" methods="5" coveredmethods="2"/>
      <line num="1" count="1" type="stmt"/>
      <line num="2" count="1" type="stmt"/>
      <line num="3" count="11" type="cond" truecount="2" falsecount="0"/>
      <line num="4" count="3" type="stmt"/>
      <line num="7" count="8" type="cond" truecount="2" falsecount="0"/>
      <line num="8" count="1" type="stmt"/>
      <line num="11" count="7" type="cond" truecount="2" falsecount="0"/>
      <line num="12" count="1" type="stmt"/>
      <line num="15" count="6" type="stmt"/>
      <line num="26" count="1" type="stmt"/>
      <line num="27" count="9" type="cond" truecount="4" falsecount="0"/>
      <line num="28" count="2" type="stmt"/>
      <line num="30" count="7" type="cond" truecount="2" falsecount="0"/>
      <line num="31" count="1" type="stmt"/>
      <line num="33" count="6" type="stmt"/>
      <line num="34" count="74" type="cond" truecount="2" falsecount="0"/>
      <line num="35" count="4" type="stmt"/>
      <line num="49" count="1" type="stmt"/>
      <line num="65" count="1" type="stmt"/>
      <line num="78" count="1" type="stmt"/>
      <line num="83" count="1" type="stmt"/>
    </file>
  </project>
</coverage>
